# JRE version: Java(TM) SE Runtime Environment (11.0.5+10) (build 11.0.5+10-LTS)
# Java VM: Java HotSpot(TM) 64-Bit Server VM (11.0.5+10-LTS, mixed mode, tiered, compressed oops, g1 gc, linux-amd64)
Heap:
 garbage-first heap   total 325632K, used 39734K [0x00000000c4200000, 0x0000000100000000)
  region size 1024K, 16 young (16384K), 16 survivors (16384K)
 Metaspace       used 33166K, capacity 34276K, committed 34428K, reserved 1079296K
  class space    used 3925K, capacity 4401K, committed 4476K, reserved 1048576K
GC Heap History (10 events):
Event: 13.003 GC heap after
{Heap after GC invocations=29 (full 0):
 garbage-first heap   total 200704K, used 35681K [0x00000000c4200000, 0x0000000100000000)
  region size 1024K, 14 young (14336K), 14 survivors (14336K)
 Metaspace       used 32851K, capacity 33931K, committed 34172K, reserved 1079296K
  class space    used 3921K, capacity 4396K, committed 4476K, reserved 1048576K
}
Event: 13.427 GC heap before
{Heap before GC invocations=29 (full 0):
 garbage-first heap   total 200704K, used 141153K [0x00000000c4200000, 0x0000000100000000)
  region size 1024K, 117 young (119808K), 14 survivors (14336K)
 Metaspace       used 32890K, capacity 33934K, committed 34172K, reserved 1079296K
  class space    used 3921K, capacity 4396K, committed 4476K, reserved 1048576K
}
Event: 13.458 GC heap after
{Heap after GC invocations=30 (full 0):
 garbage-first heap   total 232448K, used 36677K [0x00000000c4200000, 0x0000000100000000)
  region size 1024K, 15 young (15360K), 15 survivors (15360K)
 Metaspace       used 32890K, capacity 33934K, committed 34172K, reserved 1079296K
  class space    used 3921K, capacity 4396K, committed 4476K, reserved 1048576K
}
Event: 14.697 GC heap before
{Heap before GC invocations=30 (full 0):
 garbage-first heap   total 232448K, used 160581K [0x00000000c4200000, 0x0000000100000000)
  region size 1024K, 136 young (139264K), 15 survivors (15360K)
 Metaspace       used 33042K, capacity 34066K, committed 34428K, reserved 1079296K
  class space    used 3922K, capacity 4396K, committed 4476K, reserved 1048576K
}
Event: 14.781 GC heap after
{Heap after GC invocations=31 (full 0):
 garbage-first heap   total 232448K, used 39608K [0x00000000c4200000, 0x0000000100000000)
  region size 1024K, 17 young (17408K), 17 survivors (17408K)
 Metaspace       used 33042K, capacity 34066K, committed 34428K, reserved 1079296K
  class space    used 3922K, capacity 4396K, committed 4476K, reserved 1048576K
}
Event: 15.816 GC heap before
{Heap before GC invocations=31 (full 0):
 garbage-first heap   total 232448K, used 161464K [0x00000000c4200000, 0x0000000100000000)
  region size 1024K, 136 young (139264K), 17 survivors (17408K)
 Metaspace       used 33073K, capacity 34130K, committed 34428K, reserved 1079296K
  class space    used 3922K, capacity 4396K, committed 4476K, reserved 1048576K
}
Event: 15.881 GC heap after
{Heap after GC invocations=32 (full 0):
 garbage-first heap   total 232448K, used 39127K [0x00000000c4200000, 0x0000000100000000)
  region size 1024K, 16 young (16384K), 16 survivors (16384K)
 Metaspace       used 33073K, capacity 34130K, committed 34428K, reserved 1079296K
  class space    used 3922K, capacity 4396K, committed 4476K, reserved 1048576K
}
Event: 16.600 GC heap before
{Heap before GC invocations=32 (full 0):
 garbage-first heap   total 232448K, used 162007K [0x00000000c4200000, 0x0000000100000000)
  region size 1024K, 136 young (139264K), 16 survivors (16384K)
 Metaspace       used 33130K, capacity 34142K, committed 34428K, reserved 1079296K
  class space    used 3925K, capacity 4400K, committed 4476K, reserved 1048576K
}
Event: 16.651 GC heap after
{Heap after GC invocations=33 (full 0):
 garbage-first heap   total 232448K, used 40468K [0x00000000c4200000, 0x0000000100000000)
  region size 1024K, 17 young (17408K), 17 survivors (17408K)
 Metaspace       used 33130K, capacity 34142K, committed 34428K, reserved 1079296K
  class space    used 3925K, capacity 4400K, committed 4476K, reserved 1048576K
}
Event: 17.377 GC heap before
{Heap before GC invocations=33 (full 0):
 garbage-first heap   total 232448K, used 162324K [0x00000000c4200000, 0x0000000100000000)
  region size 1024K, 136 young (139264K), 17 survivors (17408K)
 Metaspace       used 33166K, capacity 34276K, committed 34428K, reserved 1079296K
  class space    used 3925K, capacity 4401K, committed 4476K, reserved 1048576K
}

